This is pdfTeX, Version 3.141592653-2.6-1.40.26 (TeX Live 2024) (preloaded format=pdflatex 2024.8.15)  15 JUN 2025 12:46
entering extended mode
 restricted \write18 enabled.
 file:line:error style messages enabled.
 %&-line parsing enabled.
**/Users/hhadah/Documents/GiT/hispanic-last-names/manuscripts/10-JERP-v3/submit_journal-main.tex
(/Users/hhadah/Documents/GiT/hispanic-last-names/manuscripts/10-JERP-v3/submit_journal-main.tex
LaTeX2e <2024-06-01> patch level 2
L3 programming layer <2024-07-20>
(/usr/local/texlive/2024/texmf-dist/tex/latex/base/article.cls
Document Class: article 2024/02/08 v1.4n Standard LaTeX document class
(/usr/local/texlive/2024/texmf-dist/tex/latex/base/size12.clo
File: size12.clo 2024/02/08 v1.4n Standard LaTeX file (size option)
)
\c@part=\count194
\c@section=\count195
\c@subsection=\count196
\c@subsubsection=\count197
\c@paragraph=\count198
\c@subparagraph=\count199
\c@figure=\count266
\c@table=\count267
\abovecaptionskip=\skip49
\belowcaptionskip=\skip50
\bibindent=\dimen141
) (./preamble_package.tex (/usr/local/texlive/2024/texmf-dist/tex/latex/psnfss/mathpazo.sty
Package: mathpazo 2020/03/25 PSNFSS-v9.3 Palatino w/ Pazo Math (D.Puga, WaS) 
\symupright=\mathgroup4
) (/usr/local/texlive/2024/texmf-dist/tex/latex/eulervm/eulervm.sty
Package: eulervm 2005/01/11 v4.0 (WaS)
) (/usr/local/texlive/2024/texmf-dist/tex/latex/amsfonts/amssymb.sty
Package: amssymb 2013/01/14 v3.01 AMS font symbols
 (/usr/local/texlive/2024/texmf-dist/tex/latex/amsfonts/amsfonts.sty
Package: amsfonts 2013/01/14 v3.01 Basic AMSFonts support
\@emptytoks=\toks17
\symAMSa=\mathgroup5
\symAMSb=\mathgroup6
LaTeX Font Info:    Redeclaring math symbol \hbar on input line 98.
LaTeX Font Info:    Overwriting math alphabet `\mathfrak' in version `bold'
(Font)                  U/euf/m/n --> U/euf/b/n on input line 106.
)) (/usr/local/texlive/2024/texmf-dist/tex/latex/base/inputenc.sty
Package: inputenc 2024/02/08 v1.3d Input encoding file
\inpenc@prehook=\toks18
\inpenc@posthook=\toks19
) (/usr/local/texlive/2024/texmf-dist/tex/latex/base/fontenc.sty
Package: fontenc 2021/04/29 v2.0v Standard LaTeX package
LaTeX Font Info:    Trying to load font information for T1+ppl on input line 116.
 (/usr/local/texlive/2024/texmf-dist/tex/latex/psnfss/t1ppl.fd
File: t1ppl.fd 2001/06/04 font definitions for T1/ppl.
)) (/usr/local/texlive/2024/texmf-dist/tex/latex/graphics/color.sty
Package: color 2024/01/14 v1.3d Standard LaTeX Color (DPC)
 (/usr/local/texlive/2024/texmf-dist/tex/latex/graphics-cfg/color.cfg
File: color.cfg 2016/01/02 v1.6 sample color configuration
)
Package color Info: Driver file: pdftex.def on input line 149.
 (/usr/local/texlive/2024/texmf-dist/tex/latex/graphics-def/pdftex.def
File: pdftex.def 2024/04/13 v1.2c Graphics/color driver for pdftex
) (/usr/local/texlive/2024/texmf-dist/tex/latex/graphics/mathcolor.ltx)) (/usr/local/texlive/2024/texmf-dist/tex/generic/babel/babel.sty
Package: babel 2024/06/26 v24.7 The Babel package
\babel@savecnt=\count268
\U@D=\dimen142
\l@unhyphenated=\language89
 (/usr/local/texlive/2024/texmf-dist/tex/generic/babel/txtbabel.def)
\bbl@readstream=\read2
\bbl@dirlevel=\count269
 (/usr/local/texlive/2024/texmf-dist/tex/generic/babel-english/english.ldf
Language: english 2017/06/06 v3.3r English support from the babel system
Package babel Info: Hyphen rules for 'canadian' set to \l@english
(babel)             (\language0). Reported on input line 102.
Package babel Info: Hyphen rules for 'australian' set to \l@ukenglish
(babel)             (\language23). Reported on input line 105.
Package babel Info: Hyphen rules for 'newzealand' set to \l@ukenglish
(babel)             (\language23). Reported on input line 108.
)) (/usr/local/texlive/2024/texmf-dist/tex/generic/babel/locale/en/babel-english.tex
Package babel Info: Importing font and identification data for english
(babel)             from babel-en.ini. Reported on input line 11.
) (/usr/local/texlive/2024/texmf-dist/tex/latex/csquotes/csquotes.sty
Package: csquotes 2024-04-04 v5.2o context-sensitive quotations (JAW)
 (/usr/local/texlive/2024/texmf-dist/tex/latex/etoolbox/etoolbox.sty
Package: etoolbox 2020/10/05 v2.5k e-TeX tools for LaTeX (JAW)
\etb@tempcnta=\count270
) (/usr/local/texlive/2024/texmf-dist/tex/latex/graphics/keyval.sty
Package: keyval 2022/05/29 v1.15 key=value parser (DPC)
\KV@toks@=\toks20
)
\csq@reset=\count271
\csq@gtype=\count272
\csq@glevel=\count273
\csq@qlevel=\count274
\csq@maxlvl=\count275
\csq@tshold=\count276
\csq@ltx@everypar=\toks21
 (/usr/local/texlive/2024/texmf-dist/tex/latex/csquotes/csquotes.def
File: csquotes.def 2024-04-04 v5.2o csquotes generic definitions (JAW)
)
Package csquotes Info: Trying to load configuration file 'csquotes.cfg'...
Package csquotes Info: ... configuration file loaded successfully.
 (/usr/local/texlive/2024/texmf-dist/tex/latex/csquotes/csquotes.cfg
File: csquotes.cfg 
)) (/Users/hhadah/Library/texmf/tex/latex/setspace.sty
Package: setspace 2000/12/01 6.7 Contributed and Supported LaTeX2e package

Package: `setspace' 6.7 <2000/12/01>
) (/usr/local/texlive/2024/texmf-dist/tex/latex/graphics/graphicx.sty
Package: graphicx 2021/09/16 v1.2d Enhanced LaTeX Graphics (DPC,SPQR)
 (/usr/local/texlive/2024/texmf-dist/tex/latex/graphics/graphics.sty
Package: graphics 2024/05/23 v1.4g Standard LaTeX Graphics (DPC,SPQR)
 (/usr/local/texlive/2024/texmf-dist/tex/latex/graphics/trig.sty
Package: trig 2023/12/02 v1.11 sin cos tan (DPC)
) (/usr/local/texlive/2024/texmf-dist/tex/latex/graphics-cfg/graphics.cfg
File: graphics.cfg 2016/06/04 v1.11 sample graphics configuration
)
Package graphics Info: Driver file: pdftex.def on input line 106.
)
\Gin@req@height=\dimen143
\Gin@req@width=\dimen144
) (/usr/local/texlive/2024/texmf-dist/tex/latex/booktabs/booktabs.sty
Package: booktabs 2020/01/12 v1.61803398 Publication quality tables
\heavyrulewidth=\dimen145
\lightrulewidth=\dimen146
\cmidrulewidth=\dimen147
\belowrulesep=\dimen148
\belowbottomsep=\dimen149
\aboverulesep=\dimen150
\abovetopsep=\dimen151
\cmidrulesep=\dimen152
\cmidrulekern=\dimen153
\defaultaddspace=\dimen154
\@cmidla=\count277
\@cmidlb=\count278
\@aboverulesep=\dimen155
\@belowrulesep=\dimen156
\@thisruleclass=\count279
\@lastruleclass=\count280
\@thisrulewidth=\dimen157
) (/usr/local/texlive/2024/texmf-dist/tex/latex/tools/dcolumn.sty
Package: dcolumn 2023/07/08 v1.06 decimal alignment package (DPC)
 (/usr/local/texlive/2024/texmf-dist/tex/latex/tools/array.sty
Package: array 2023/10/16 v2.5g Tabular extension package (FMi)
\col@sep=\dimen158
\ar@mcellbox=\box52
\extrarowheight=\dimen159
\NC@list=\toks22
\extratabsurround=\skip51
\backup@length=\skip52
\ar@cellbox=\box53
)) (/usr/local/texlive/2024/texmf-dist/tex/latex/multirow/multirow.sty
Package: multirow 2021/03/15 v2.8 Span multiple rows of a table
\multirow@colwidth=\skip53
\multirow@cntb=\count281
\multirow@dima=\skip54
\bigstrutjot=\dimen160
) (/usr/local/texlive/2024/texmf-dist/tex/latex/caption/caption.sty
Package: caption 2023/08/05 v3.6o Customizing captions (AR)
 (/usr/local/texlive/2024/texmf-dist/tex/latex/caption/caption3.sty
Package: caption3 2023/07/31 v2.4d caption3 kernel (AR)
\caption@tempdima=\dimen161
\captionmargin=\dimen162
\caption@leftmargin=\dimen163
\caption@rightmargin=\dimen164
\caption@width=\dimen165
\caption@indent=\dimen166
\caption@parindent=\dimen167
\caption@hangindent=\dimen168
Package caption Info: Standard document class detected.
)
\c@caption@flags=\count282
\c@continuedfloat=\count283
) (/usr/local/texlive/2024/texmf-dist/tex/latex/xcolor/xcolor.sty
Package: xcolor 2023/11/15 v3.01 LaTeX color extensions (UK)
 (/usr/local/texlive/2024/texmf-dist/tex/latex/graphics-cfg/color.cfg
File: color.cfg 2016/01/02 v1.6 sample color configuration
)

Package xcolor Warning: Package option `usenames' is obsolete and ignored on input line 266.

Package xcolor Info: Driver file: pdftex.def on input line 274.
LaTeX Info: Redefining \color on input line 758.
(/usr/local/texlive/2024/texmf-dist/tex/latex/graphics/mathcolor.ltx)
Package xcolor Info: Model `cmy' substituted by `cmy0' on input line 1350.
Package xcolor Info: Model `hsb' substituted by `rgb' on input line 1354.
Package xcolor Info: Model `RGB' extended on input line 1366.
Package xcolor Info: Model `HTML' substituted by `rgb' on input line 1368.
Package xcolor Info: Model `Hsb' substituted by `hsb' on input line 1369.
Package xcolor Info: Model `tHsb' substituted by `hsb' on input line 1370.
Package xcolor Info: Model `HSB' substituted by `hsb' on input line 1371.
Package xcolor Info: Model `Gray' substituted by `gray' on input line 1372.
Package xcolor Info: Model `wave' substituted by `hsb' on input line 1373.
) (/usr/local/texlive/2024/texmf-dist/tex/latex/graphics/dvipsnam.def
File: dvipsnam.def 2016/06/17 v3.0m Driver-dependent file (DPC,SPQR)
) (/usr/local/texlive/2024/texmf-dist/tex/latex/xcolor/svgnam.def
File: svgnam.def 2023/11/15 v3.01 Predefined colors according to SVG 1.1 (UK)
) (/usr/local/texlive/2024/texmf-dist/tex/latex/colortbl/colortbl.sty
Package: colortbl 2024/07/06 v1.0i Color table columns (DPC)
\everycr=\toks23
\minrowclearance=\skip55
\rownum=\count284
) (/usr/local/texlive/2024/texmf-dist/tex/latex/float/float.sty
Package: float 2001/11/08 v1.3d Float enhancements (AL)
\c@float@type=\count285
\float@exts=\toks24
\float@box=\box54
\@float@everytoks=\toks25
\@floatcapt=\box55
) (/usr/local/texlive/2024/texmf-dist/tex/latex/adjustbox/adjustbox.sty
Package: adjustbox 2022/10/17 v1.3a Adjusting TeX boxes (trim, clip, ...)
 (/usr/local/texlive/2024/texmf-dist/tex/latex/xkeyval/xkeyval.sty
Package: xkeyval 2022/06/16 v2.9 package option processing (HA)
 (/usr/local/texlive/2024/texmf-dist/tex/generic/xkeyval/xkeyval.tex (/usr/local/texlive/2024/texmf-dist/tex/generic/xkeyval/xkvutils.tex
\XKV@toks=\toks26
\XKV@tempa@toks=\toks27
)
\XKV@depth=\count286
File: xkeyval.tex 2014/12/03 v2.7a key=value parser (HA)
)) (/usr/local/texlive/2024/texmf-dist/tex/latex/adjustbox/adjcalc.sty
Package: adjcalc 2012/05/16 v1.1 Provides advanced setlength with multiple back-ends (calc, etex, pgfmath)
) (/usr/local/texlive/2024/texmf-dist/tex/latex/adjustbox/trimclip.sty
Package: trimclip 2020/08/19 v1.2 Trim and clip general TeX material
 (/usr/local/texlive/2024/texmf-dist/tex/latex/collectbox/collectbox.sty
Package: collectbox 2022/10/17 v0.4c Collect macro arguments as boxes
\collectedbox=\box56
)
\tc@llx=\dimen169
\tc@lly=\dimen170
\tc@urx=\dimen171
\tc@ury=\dimen172
Package trimclip Info: Using driver 'tc-pdftex.def'.
 (/usr/local/texlive/2024/texmf-dist/tex/latex/adjustbox/tc-pdftex.def
File: tc-pdftex.def 2019/01/04 v2.2 Clipping driver for pdftex
))
\adjbox@Width=\dimen173
\adjbox@Height=\dimen174
\adjbox@Depth=\dimen175
\adjbox@Totalheight=\dimen176
\adjbox@pwidth=\dimen177
\adjbox@pheight=\dimen178
\adjbox@pdepth=\dimen179
\adjbox@ptotalheight=\dimen180
 (/usr/local/texlive/2024/texmf-dist/tex/latex/ifoddpage/ifoddpage.sty
Package: ifoddpage 2022/10/18 v1.2 Conditionals for odd/even page detection
\c@checkoddpage=\count287
) (/usr/local/texlive/2024/texmf-dist/tex/latex/varwidth/varwidth.sty
Package: varwidth 2009/03/30 ver 0.92;  Variable-width minipages
\@vwid@box=\box57
\sift@deathcycles=\count288
\@vwid@loff=\dimen181
\@vwid@roff=\dimen182
)) (/usr/local/texlive/2024/texmf-dist/tex/latex/enumitem/enumitem.sty
Package: enumitem 2019/06/20 v3.9 Customized lists
\labelindent=\skip56
\enit@outerparindent=\dimen183
\enit@toks=\toks28
\enit@inbox=\box58
\enit@count@id=\count289
\enitdp@description=\count290
) (/usr/local/texlive/2024/texmf-dist/tex/latex/hyperref/hyperref.sty
Package: hyperref 2024-07-10 v7.01j Hypertext links for LaTeX
 (/usr/local/texlive/2024/texmf-dist/tex/generic/iftex/iftex.sty
Package: iftex 2022/02/03 v1.0f TeX engine tests
) (/usr/local/texlive/2024/texmf-dist/tex/latex/kvsetkeys/kvsetkeys.sty
Package: kvsetkeys 2022-10-05 v1.19 Key value parser (HO)
) (/usr/local/texlive/2024/texmf-dist/tex/generic/kvdefinekeys/kvdefinekeys.sty
Package: kvdefinekeys 2019-12-19 v1.6 Define keys (HO)
) (/usr/local/texlive/2024/texmf-dist/tex/generic/pdfescape/pdfescape.sty
Package: pdfescape 2019/12/09 v1.15 Implements pdfTeX's escape features (HO)
 (/usr/local/texlive/2024/texmf-dist/tex/generic/ltxcmds/ltxcmds.sty
Package: ltxcmds 2023-12-04 v1.26 LaTeX kernel commands for general use (HO)
) (/usr/local/texlive/2024/texmf-dist/tex/generic/pdftexcmds/pdftexcmds.sty
Package: pdftexcmds 2020-06-27 v0.33 Utility functions of pdfTeX for LuaTeX (HO)
 (/usr/local/texlive/2024/texmf-dist/tex/generic/infwarerr/infwarerr.sty
Package: infwarerr 2019/12/03 v1.5 Providing info/warning/error messages (HO)
)
Package pdftexcmds Info: \pdf@primitive is available.
Package pdftexcmds Info: \pdf@ifprimitive is available.
Package pdftexcmds Info: \pdfdraftmode found.
)) (/usr/local/texlive/2024/texmf-dist/tex/latex/hycolor/hycolor.sty
Package: hycolor 2020-01-27 v1.10 Color options for hyperref/bookmark (HO)
) (/usr/local/texlive/2024/texmf-dist/tex/latex/hyperref/nameref.sty
Package: nameref 2023-11-26 v2.56 Cross-referencing by name of section
 (/usr/local/texlive/2024/texmf-dist/tex/latex/refcount/refcount.sty
Package: refcount 2019/12/15 v3.6 Data extraction from label references (HO)
) (/usr/local/texlive/2024/texmf-dist/tex/generic/gettitlestring/gettitlestring.sty
Package: gettitlestring 2019/12/15 v1.6 Cleanup title references (HO)
 (/usr/local/texlive/2024/texmf-dist/tex/latex/kvoptions/kvoptions.sty
Package: kvoptions 2022-06-15 v3.15 Key value format for package options (HO)
))
\c@section@level=\count291
) (/usr/local/texlive/2024/texmf-dist/tex/generic/stringenc/stringenc.sty
Package: stringenc 2019/11/29 v1.12 Convert strings between diff. encodings (HO)
)
\@linkdim=\dimen184
\Hy@linkcounter=\count292
\Hy@pagecounter=\count293
 (/usr/local/texlive/2024/texmf-dist/tex/latex/hyperref/pd1enc.def
File: pd1enc.def 2024-07-10 v7.01j Hyperref: PDFDocEncoding definition (HO)
Now handling font encoding PD1 ...
... no UTF-8 mapping file for font encoding PD1
) (/usr/local/texlive/2024/texmf-dist/tex/generic/intcalc/intcalc.sty
Package: intcalc 2019/12/15 v1.3 Expandable calculations with integers (HO)
)
\Hy@SavedSpaceFactor=\count294
 (/usr/local/texlive/2024/texmf-dist/tex/latex/hyperref/puenc.def
File: puenc.def 2024-07-10 v7.01j Hyperref: PDF Unicode definition (HO)
Now handling font encoding PU ...
... no UTF-8 mapping file for font encoding PU
)
Package hyperref Info: Option `colorlinks' set `true' on input line 4040.
Package hyperref Info: Option `plainpages' set `false' on input line 4040.
Package hyperref Info: Option `pdfpagelabels' set `true' on input line 4040.
Package hyperref Info: Hyper figures OFF on input line 4157.
Package hyperref Info: Link nesting OFF on input line 4162.
Package hyperref Info: Hyper index ON on input line 4165.
Package hyperref Info: Plain pages OFF on input line 4172.
Package hyperref Info: Backreferencing OFF on input line 4177.
Package hyperref Info: Implicit mode ON; LaTeX internals redefined.
Package hyperref Info: Bookmarks ON on input line 4424.
\c@Hy@tempcnt=\count295
 (/usr/local/texlive/2024/texmf-dist/tex/latex/url/url.sty
\Urlmuskip=\muskip17
Package: url 2013/09/16  ver 3.4  Verb mode for urls, etc.
)
LaTeX Info: Redefining \url on input line 4763.
\XeTeXLinkMargin=\dimen185
 (/usr/local/texlive/2024/texmf-dist/tex/generic/bitset/bitset.sty
Package: bitset 2019/12/09 v1.3 Handle bit-vector datatype (HO)
 (/usr/local/texlive/2024/texmf-dist/tex/generic/bigintcalc/bigintcalc.sty
Package: bigintcalc 2019/12/15 v1.5 Expandable calculations on big integers (HO)
))
\Fld@menulength=\count296
\Field@Width=\dimen186
\Fld@charsize=\dimen187
Package hyperref Info: Hyper figures OFF on input line 6042.
Package hyperref Info: Link nesting OFF on input line 6047.
Package hyperref Info: Hyper index ON on input line 6050.
Package hyperref Info: backreferencing OFF on input line 6057.
Package hyperref Info: Link coloring ON on input line 6060.
Package hyperref Info: Link coloring with OCG OFF on input line 6067.
Package hyperref Info: PDF/A mode OFF on input line 6072.
 (/usr/local/texlive/2024/texmf-dist/tex/latex/base/atbegshi-ltx.sty
Package: atbegshi-ltx 2021/01/10 v1.0c Emulation of the original atbegshi
package with kernel methods
)
\Hy@abspage=\count297
\c@Item=\count298
\c@Hfootnote=\count299
)
Package hyperref Info: Driver (autodetected): hpdftex.
 (/usr/local/texlive/2024/texmf-dist/tex/latex/hyperref/hpdftex.def
File: hpdftex.def 2024-07-10 v7.01j Hyperref driver for pdfTeX
 (/usr/local/texlive/2024/texmf-dist/tex/latex/base/atveryend-ltx.sty
Package: atveryend-ltx 2020/08/19 v1.0a Emulation of the original atveryend package
with kernel methods
)
\Fld@listcount=\count300
\c@bookmark@seq@number=\count301
 (/usr/local/texlive/2024/texmf-dist/tex/latex/rerunfilecheck/rerunfilecheck.sty
Package: rerunfilecheck 2022-07-10 v1.10 Rerun checks for auxiliary files (HO)
 (/usr/local/texlive/2024/texmf-dist/tex/generic/uniquecounter/uniquecounter.sty
Package: uniquecounter 2019/12/15 v1.4 Provide unlimited unique counter (HO)
)
Package uniquecounter Info: New unique counter `rerunfilecheck' on input line 285.
)
\Hy@SectionHShift=\skip57
) (/usr/local/texlive/2024/texmf-dist/tex/latex/geometry/geometry.sty
Package: geometry 2020/01/02 v5.9 Page Geometry
 (/usr/local/texlive/2024/texmf-dist/tex/generic/iftex/ifvtex.sty
Package: ifvtex 2019/10/25 v1.7 ifvtex legacy package. Use iftex instead.
)
\Gm@cnth=\count302
\Gm@cntv=\count303
\c@Gm@tempcnt=\count304
\Gm@bindingoffset=\dimen188
\Gm@wd@mp=\dimen189
\Gm@odd@mp=\dimen190
\Gm@even@mp=\dimen191
\Gm@layoutwidth=\dimen192
\Gm@layoutheight=\dimen193
\Gm@layouthoffset=\dimen194
\Gm@layoutvoffset=\dimen195
\Gm@dimlist=\toks29
) (/usr/local/texlive/2024/texmf-dist/tex/latex/ragged2e/ragged2e.sty
Package: ragged2e 2023/06/22 v3.6 ragged2e Package
\CenteringLeftskip=\skip58
\RaggedLeftLeftskip=\skip59
\RaggedRightLeftskip=\skip60
\CenteringRightskip=\skip61
\RaggedLeftRightskip=\skip62
\RaggedRightRightskip=\skip63
\CenteringParfillskip=\skip64
\RaggedLeftParfillskip=\skip65
\RaggedRightParfillskip=\skip66
\JustifyingParfillskip=\skip67
\CenteringParindent=\skip68
\RaggedLeftParindent=\skip69
\RaggedRightParindent=\skip70
\JustifyingParindent=\skip71
) (/usr/local/texlive/2024/texmf-dist/tex/latex/caption/subcaption.sty
Package: subcaption 2023/07/28 v1.6b Sub-captions (AR)
Package caption Info: New subtype `subfigure' on input line 238.
\c@subfigure=\count305
Package caption Info: New subtype `subtable' on input line 238.
\c@subtable=\count306
) (/usr/local/texlive/2024/texmf-dist/tex/latex/makecell/makecell.sty
Package: makecell 2009/08/03 V0.1e Managing of Tab Column Heads and Cells
\rotheadsize=\dimen196
\c@nlinenum=\count307
\TeXr@lab=\toks30
) (/usr/local/texlive/2024/texmf-dist/tex/latex/siunitx/siunitx.sty
Package: siunitx 2024-08-01 v3.3.20 A comprehensive (SI) units package
\l__siunitx_number_uncert_offset_int=\count308
\l__siunitx_number_exponent_fixed_int=\count309
\l__siunitx_number_min_decimal_int=\count310
\l__siunitx_number_min_integer_int=\count311
\l__siunitx_number_round_precision_int=\count312
\l__siunitx_number_lower_threshold_int=\count313
\l__siunitx_number_upper_threshold_int=\count314
\l__siunitx_number_group_first_int=\count315
\l__siunitx_number_group_size_int=\count316
\l__siunitx_number_group_minimum_int=\count317
\l__siunitx_angle_tmp_dim=\dimen197
\l__siunitx_angle_marker_box=\box59
\l__siunitx_angle_unit_box=\box60
\l__siunitx_compound_count_int=\count318
 (/usr/local/texlive/2024/texmf-dist/tex/latex/translations/translations.sty
Package: translations 2022/02/05 v1.12 internationalization of LaTeX2e packages (CN)
) (/usr/local/texlive/2024/texmf-dist/tex/latex/amsmath/amstext.sty
Package: amstext 2021/08/26 v2.01 AMS text
 (/usr/local/texlive/2024/texmf-dist/tex/latex/amsmath/amsgen.sty
File: amsgen.sty 1999/11/30 v2.0 generic functions
\@emptytoks=\toks31
\ex@=\dimen198
))
\l__siunitx_table_tmp_box=\box61
\l__siunitx_table_tmp_dim=\dimen199
\l__siunitx_table_column_width_dim=\dimen256
\l__siunitx_table_integer_box=\box62
\l__siunitx_table_decimal_box=\box63
\l__siunitx_table_uncert_box=\box64
\l__siunitx_table_before_box=\box65
\l__siunitx_table_after_box=\box66
\l__siunitx_table_before_dim=\dimen257
\l__siunitx_table_carry_dim=\dimen258
\l__siunitx_unit_tmp_int=\count319
\l__siunitx_unit_position_int=\count320
\l__siunitx_unit_total_int=\count321
) (/usr/local/texlive/2024/texmf-dist/tex/latex/tools/indentfirst.sty
Package: indentfirst 2023/07/02 v1.03 Indent first paragraph (DPC)
) (/usr/local/texlive/2024/texmf-dist/tex/latex/graphics/lscape.sty
Package: lscape 2020/05/28 v3.02 Landscape Pages (DPC)
) (/usr/local/texlive/2024/texmf-dist/tex/latex/tools/longtable.sty
Package: longtable 2023-11-01 v4.19 Multi-page Table package (DPC)
\LTleft=\skip72
\LTright=\skip73
\LTpre=\skip74
\LTpost=\skip75
\LTchunksize=\count322
\LTcapwidth=\dimen259
\LT@head=\box67
\LT@firsthead=\box68
\LT@foot=\box69
\LT@lastfoot=\box70
\LT@gbox=\box71
\LT@cols=\count323
\LT@rows=\count324
\c@LT@tables=\count325
\c@LT@chunks=\count326
\LT@p@ftn=\toks32
) (/usr/local/texlive/2024/texmf-dist/tex/latex/threeparttable/threeparttable.sty
Package: threeparttable 2003/06/13  v 3.0
\@tempboxb=\box72
) (/usr/local/texlive/2024/texmf-dist/tex/latex/threeparttablex/threeparttablex.sty
Package: threeparttablex 2013/07/23 v0.3 by daleif
 (/usr/local/texlive/2024/texmf-dist/tex/latex/environ/environ.sty
Package: environ 2014/05/04 v0.3 A new way to define environments
 (/usr/local/texlive/2024/texmf-dist/tex/latex/trimspaces/trimspaces.sty
Package: trimspaces 2009/09/17 v1.1 Trim spaces around a token list
)
\@envbody=\toks33
)
\TPTL@width=\skip76
) (/usr/local/texlive/2024/texmf-dist/tex/latex/pdflscape/pdflscape.sty
Package: pdflscape 2022-10-27 v0.13 Display of landscape pages in PDF
 (/usr/local/texlive/2024/texmf-dist/tex/latex/pdflscape/pdflscape-nometadata.sty
Package: pdflscape-nometadata 2022-10-28 v0.13 Display of landscape pages in PDF (HO)
Package pdflscape Info: Auto-detected driver: pdftex on input line 81.
)) (/usr/local/texlive/2024/texmf-dist/tex/latex/footmisc/footmisc.sty
Package: footmisc 2023/07/05 v6.0f a miscellany of footnote facilities
\FN@temptoken=\toks34
\footnotemargin=\dimen260
\@outputbox@depth=\dimen261
Package footmisc Info: Declaring symbol style bringhurst on input line 696.
Package footmisc Info: Declaring symbol style chicago on input line 704.
Package footmisc Info: Declaring symbol style wiley on input line 713.
Package footmisc Info: Declaring symbol style lamport-robust on input line 724.
Package footmisc Info: Declaring symbol style lamport* on input line 744.
Package footmisc Info: Declaring symbol style lamport*-robust on input line 765.
) (/usr/local/texlive/2024/texmf-dist/tex/latex/pgf/frontendlayer/tikz.sty (/usr/local/texlive/2024/texmf-dist/tex/latex/pgf/basiclayer/pgf.sty (/usr/local/texlive/2024/texmf-dist/tex/latex/pgf/utilities/pgfrcs.sty (/usr/local/texlive/2024/texmf-dist/tex/generic/pgf/utilities/pgfutil-common.tex
\pgfutil@everybye=\toks35
\pgfutil@tempdima=\dimen262
\pgfutil@tempdimb=\dimen263
) (/usr/local/texlive/2024/texmf-dist/tex/generic/pgf/utilities/pgfutil-latex.def
\pgfutil@abb=\box73
) (/usr/local/texlive/2024/texmf-dist/tex/generic/pgf/utilities/pgfrcs.code.tex (/usr/local/texlive/2024/texmf-dist/tex/generic/pgf/pgf.revision.tex)
Package: pgfrcs 2023-01-15 v3.1.10 (3.1.10)
))
Package: pgf 2023-01-15 v3.1.10 (3.1.10)
 (/usr/local/texlive/2024/texmf-dist/tex/latex/pgf/basiclayer/pgfcore.sty (/usr/local/texlive/2024/texmf-dist/tex/latex/pgf/systemlayer/pgfsys.sty (/usr/local/texlive/2024/texmf-dist/tex/generic/pgf/systemlayer/pgfsys.code.tex
Package: pgfsys 2023-01-15 v3.1.10 (3.1.10)
 (/usr/local/texlive/2024/texmf-dist/tex/generic/pgf/utilities/pgfkeys.code.tex
\pgfkeys@pathtoks=\toks36
\pgfkeys@temptoks=\toks37
 (/usr/local/texlive/2024/texmf-dist/tex/generic/pgf/utilities/pgfkeyslibraryfiltered.code.tex
\pgfkeys@tmptoks=\toks38
))
\pgf@x=\dimen264
\pgf@y=\dimen265
\pgf@xa=\dimen266
\pgf@ya=\dimen267
\pgf@xb=\dimen268
\pgf@yb=\dimen269
\pgf@xc=\dimen270
\pgf@yc=\dimen271
\pgf@xd=\dimen272
\pgf@yd=\dimen273
\w@pgf@writea=\write3
\r@pgf@reada=\read3
\c@pgf@counta=\count327
\c@pgf@countb=\count328
\c@pgf@countc=\count329
\c@pgf@countd=\count330
\t@pgf@toka=\toks39
\t@pgf@tokb=\toks40
\t@pgf@tokc=\toks41
\pgf@sys@id@count=\count331
 (/usr/local/texlive/2024/texmf-dist/tex/generic/pgf/systemlayer/pgf.cfg
File: pgf.cfg 2023-01-15 v3.1.10 (3.1.10)
)
Driver file for pgf: pgfsys-pdftex.def
 (/usr/local/texlive/2024/texmf-dist/tex/generic/pgf/systemlayer/pgfsys-pdftex.def
File: pgfsys-pdftex.def 2023-01-15 v3.1.10 (3.1.10)
 (/usr/local/texlive/2024/texmf-dist/tex/generic/pgf/systemlayer/pgfsys-common-pdf.def
File: pgfsys-common-pdf.def 2023-01-15 v3.1.10 (3.1.10)
))) (/usr/local/texlive/2024/texmf-dist/tex/generic/pgf/systemlayer/pgfsyssoftpath.code.tex
File: pgfsyssoftpath.code.tex 2023-01-15 v3.1.10 (3.1.10)
\pgfsyssoftpath@smallbuffer@items=\count332
\pgfsyssoftpath@bigbuffer@items=\count333
) (/usr/local/texlive/2024/texmf-dist/tex/generic/pgf/systemlayer/pgfsysprotocol.code.tex
File: pgfsysprotocol.code.tex 2023-01-15 v3.1.10 (3.1.10)
)) (/usr/local/texlive/2024/texmf-dist/tex/generic/pgf/basiclayer/pgfcore.code.tex
Package: pgfcore 2023-01-15 v3.1.10 (3.1.10)
 (/usr/local/texlive/2024/texmf-dist/tex/generic/pgf/math/pgfmath.code.tex (/usr/local/texlive/2024/texmf-dist/tex/generic/pgf/math/pgfmathutil.code.tex) (/usr/local/texlive/2024/texmf-dist/tex/generic/pgf/math/pgfmathparser.code.tex
\pgfmath@dimen=\dimen274
\pgfmath@count=\count334
\pgfmath@box=\box74
\pgfmath@toks=\toks42
\pgfmath@stack@operand=\toks43
\pgfmath@stack@operation=\toks44
) (/usr/local/texlive/2024/texmf-dist/tex/generic/pgf/math/pgfmathfunctions.code.tex) (/usr/local/texlive/2024/texmf-dist/tex/generic/pgf/math/pgfmathfunctions.basic.code.tex) (/usr/local/texlive/2024/texmf-dist/tex/generic/pgf/math/pgfmathfunctions.trigonometric.code.tex) (/usr/local/texlive/2024/texmf-dist/tex/generic/pgf/math/pgfmathfunctions.random.code.tex) (/usr/local/texlive/2024/texmf-dist/tex/generic/pgf/math/pgfmathfunctions.comparison.code.tex) (/usr/local/texlive/2024/texmf-dist/tex/generic/pgf/math/pgfmathfunctions.base.code.tex) (/usr/local/texlive/2024/texmf-dist/tex/generic/pgf/math/pgfmathfunctions.round.code.tex) (/usr/local/texlive/2024/texmf-dist/tex/generic/pgf/math/pgfmathfunctions.misc.code.tex) (/usr/local/texlive/2024/texmf-dist/tex/generic/pgf/math/pgfmathfunctions.integerarithmetics.code.tex) (/usr/local/texlive/2024/texmf-dist/tex/generic/pgf/math/pgfmathcalc.code.tex) (/usr/local/texlive/2024/texmf-dist/tex/generic/pgf/math/pgfmathfloat.code.tex
\c@pgfmathroundto@lastzeros=\count335
)) (/usr/local/texlive/2024/texmf-dist/tex/generic/pgf/math/pgfint.code.tex) (/usr/local/texlive/2024/texmf-dist/tex/generic/pgf/basiclayer/pgfcorepoints.code.tex
File: pgfcorepoints.code.tex 2023-01-15 v3.1.10 (3.1.10)
\pgf@picminx=\dimen275
\pgf@picmaxx=\dimen276
\pgf@picminy=\dimen277
\pgf@picmaxy=\dimen278
\pgf@pathminx=\dimen279
\pgf@pathmaxx=\dimen280
\pgf@pathminy=\dimen281
\pgf@pathmaxy=\dimen282
\pgf@xx=\dimen283
\pgf@xy=\dimen284
\pgf@yx=\dimen285
\pgf@yy=\dimen286
\pgf@zx=\dimen287
\pgf@zy=\dimen288
) (/usr/local/texlive/2024/texmf-dist/tex/generic/pgf/basiclayer/pgfcorepathconstruct.code.tex
File: pgfcorepathconstruct.code.tex 2023-01-15 v3.1.10 (3.1.10)
\pgf@path@lastx=\dimen289
\pgf@path@lasty=\dimen290
) (/usr/local/texlive/2024/texmf-dist/tex/generic/pgf/basiclayer/pgfcorepathusage.code.tex
File: pgfcorepathusage.code.tex 2023-01-15 v3.1.10 (3.1.10)
\pgf@shorten@end@additional=\dimen291
\pgf@shorten@start@additional=\dimen292
) (/usr/local/texlive/2024/texmf-dist/tex/generic/pgf/basiclayer/pgfcorescopes.code.tex
File: pgfcorescopes.code.tex 2023-01-15 v3.1.10 (3.1.10)
\pgfpic=\box75
\pgf@hbox=\box76
\pgf@layerbox@main=\box77
\pgf@picture@serial@count=\count336
) (/usr/local/texlive/2024/texmf-dist/tex/generic/pgf/basiclayer/pgfcoregraphicstate.code.tex
File: pgfcoregraphicstate.code.tex 2023-01-15 v3.1.10 (3.1.10)
\pgflinewidth=\dimen293
) (/usr/local/texlive/2024/texmf-dist/tex/generic/pgf/basiclayer/pgfcoretransformations.code.tex
File: pgfcoretransformations.code.tex 2023-01-15 v3.1.10 (3.1.10)
\pgf@pt@x=\dimen294
\pgf@pt@y=\dimen295
\pgf@pt@temp=\dimen296
) (/usr/local/texlive/2024/texmf-dist/tex/generic/pgf/basiclayer/pgfcorequick.code.tex
File: pgfcorequick.code.tex 2023-01-15 v3.1.10 (3.1.10)
) (/usr/local/texlive/2024/texmf-dist/tex/generic/pgf/basiclayer/pgfcoreobjects.code.tex
File: pgfcoreobjects.code.tex 2023-01-15 v3.1.10 (3.1.10)
) (/usr/local/texlive/2024/texmf-dist/tex/generic/pgf/basiclayer/pgfcorepathprocessing.code.tex
File: pgfcorepathprocessing.code.tex 2023-01-15 v3.1.10 (3.1.10)
) (/usr/local/texlive/2024/texmf-dist/tex/generic/pgf/basiclayer/pgfcorearrows.code.tex
File: pgfcorearrows.code.tex 2023-01-15 v3.1.10 (3.1.10)
\pgfarrowsep=\dimen297
) (/usr/local/texlive/2024/texmf-dist/tex/generic/pgf/basiclayer/pgfcoreshade.code.tex
File: pgfcoreshade.code.tex 2023-01-15 v3.1.10 (3.1.10)
\pgf@max=\dimen298
\pgf@sys@shading@range@num=\count337
\pgf@shadingcount=\count338
) (/usr/local/texlive/2024/texmf-dist/tex/generic/pgf/basiclayer/pgfcoreimage.code.tex
File: pgfcoreimage.code.tex 2023-01-15 v3.1.10 (3.1.10)
) (/usr/local/texlive/2024/texmf-dist/tex/generic/pgf/basiclayer/pgfcoreexternal.code.tex
File: pgfcoreexternal.code.tex 2023-01-15 v3.1.10 (3.1.10)
\pgfexternal@startupbox=\box78
) (/usr/local/texlive/2024/texmf-dist/tex/generic/pgf/basiclayer/pgfcorelayers.code.tex
File: pgfcorelayers.code.tex 2023-01-15 v3.1.10 (3.1.10)
) (/usr/local/texlive/2024/texmf-dist/tex/generic/pgf/basiclayer/pgfcoretransparency.code.tex
File: pgfcoretransparency.code.tex 2023-01-15 v3.1.10 (3.1.10)
) (/usr/local/texlive/2024/texmf-dist/tex/generic/pgf/basiclayer/pgfcorepatterns.code.tex
File: pgfcorepatterns.code.tex 2023-01-15 v3.1.10 (3.1.10)
) (/usr/local/texlive/2024/texmf-dist/tex/generic/pgf/basiclayer/pgfcorerdf.code.tex
File: pgfcorerdf.code.tex 2023-01-15 v3.1.10 (3.1.10)
))) (/usr/local/texlive/2024/texmf-dist/tex/generic/pgf/modules/pgfmoduleshapes.code.tex
File: pgfmoduleshapes.code.tex 2023-01-15 v3.1.10 (3.1.10)
\pgfnodeparttextbox=\box79
) (/usr/local/texlive/2024/texmf-dist/tex/generic/pgf/modules/pgfmoduleplot.code.tex
File: pgfmoduleplot.code.tex 2023-01-15 v3.1.10 (3.1.10)
) (/usr/local/texlive/2024/texmf-dist/tex/latex/pgf/compatibility/pgfcomp-version-0-65.sty
Package: pgfcomp-version-0-65 2023-01-15 v3.1.10 (3.1.10)
\pgf@nodesepstart=\dimen299
\pgf@nodesepend=\dimen300
) (/usr/local/texlive/2024/texmf-dist/tex/latex/pgf/compatibility/pgfcomp-version-1-18.sty
Package: pgfcomp-version-1-18 2023-01-15 v3.1.10 (3.1.10)
)) (/usr/local/texlive/2024/texmf-dist/tex/latex/pgf/utilities/pgffor.sty (/usr/local/texlive/2024/texmf-dist/tex/latex/pgf/utilities/pgfkeys.sty (/usr/local/texlive/2024/texmf-dist/tex/generic/pgf/utilities/pgfkeys.code.tex)) (/usr/local/texlive/2024/texmf-dist/tex/latex/pgf/math/pgfmath.sty (/usr/local/texlive/2024/texmf-dist/tex/generic/pgf/math/pgfmath.code.tex)) (/usr/local/texlive/2024/texmf-dist/tex/generic/pgf/utilities/pgffor.code.tex
Package: pgffor 2023-01-15 v3.1.10 (3.1.10)
\pgffor@iter=\dimen301
\pgffor@skip=\dimen302
\pgffor@stack=\toks45
\pgffor@toks=\toks46
)) (/usr/local/texlive/2024/texmf-dist/tex/generic/pgf/frontendlayer/tikz/tikz.code.tex
Package: tikz 2023-01-15 v3.1.10 (3.1.10)
 (/usr/local/texlive/2024/texmf-dist/tex/generic/pgf/libraries/pgflibraryplothandlers.code.tex
File: pgflibraryplothandlers.code.tex 2023-01-15 v3.1.10 (3.1.10)
\pgf@plot@mark@count=\count339
\pgfplotmarksize=\dimen303
)
\tikz@lastx=\dimen304
\tikz@lasty=\dimen305
\tikz@lastxsaved=\dimen306
\tikz@lastysaved=\dimen307
\tikz@lastmovetox=\dimen308
\tikz@lastmovetoy=\dimen309
\tikzleveldistance=\dimen310
\tikzsiblingdistance=\dimen311
\tikz@figbox=\box80
\tikz@figbox@bg=\box81
\tikz@tempbox=\box82
\tikz@tempbox@bg=\box83
\tikztreelevel=\count340
\tikznumberofchildren=\count341
\tikznumberofcurrentchild=\count342
\tikz@fig@count=\count343
 (/usr/local/texlive/2024/texmf-dist/tex/generic/pgf/modules/pgfmodulematrix.code.tex
File: pgfmodulematrix.code.tex 2023-01-15 v3.1.10 (3.1.10)
\pgfmatrixcurrentrow=\count344
\pgfmatrixcurrentcolumn=\count345
\pgf@matrix@numberofcolumns=\count346
)
\tikz@expandcount=\count347
 (/usr/local/texlive/2024/texmf-dist/tex/generic/pgf/frontendlayer/tikz/libraries/tikzlibrarytopaths.code.tex
File: tikzlibrarytopaths.code.tex 2023-01-15 v3.1.10 (3.1.10)
))) (/usr/local/texlive/2024/texmf-dist/tex/generic/pgf/frontendlayer/tikz/libraries/tikzlibraryshapes.geometric.code.tex
File: tikzlibraryshapes.geometric.code.tex 2023-01-15 v3.1.10 (3.1.10)
 (/usr/local/texlive/2024/texmf-dist/tex/generic/pgf/libraries/shapes/pgflibraryshapes.geometric.code.tex
File: pgflibraryshapes.geometric.code.tex 2023-01-15 v3.1.10 (3.1.10)
)) (/usr/local/texlive/2024/texmf-dist/tex/generic/pgf/frontendlayer/tikz/libraries/tikzlibraryarrows.code.tex
File: tikzlibraryarrows.code.tex 2023-01-15 v3.1.10 (3.1.10)

(/usr/local/texlive/2024/texmf-dist/tex/generic/pgf/libraries/pgflibraryarrows.code.tex
File: pgflibraryarrows.code.tex 2023-01-15 v3.1.10 (3.1.10)
\arrowsize=\dimen312
))) (./preamble_citation.tex (/usr/local/texlive/2024/texmf-dist/tex/latex/biblatex-chicago/biblatex-chicago.sty
Package: biblatex-chicago 2022/07/02 v 3.18 biblatex style
 (/usr/local/texlive/2024/texmf-dist/tex/generic/xstring/xstring.sty (/usr/local/texlive/2024/texmf-dist/tex/generic/xstring/xstring.tex
\xs_counta=\count348
\xs_countb=\count349
)
Package: xstring 2023/08/22 v1.86 String manipulations (CT)
) (/usr/local/texlive/2024/texmf-dist/tex/latex/biblatex/biblatex.sty
Package: biblatex 2024/03/21 v3.20 programmable bibliographies (PK/MW)
 (/usr/local/texlive/2024/texmf-dist/tex/latex/logreq/logreq.sty
Package: logreq 2010/08/04 v1.0 xml request logger
\lrq@indent=\count350
 (/usr/local/texlive/2024/texmf-dist/tex/latex/logreq/logreq.def
File: logreq.def 2010/08/04 v1.0 logreq spec v1.0
)) (/usr/local/texlive/2024/texmf-dist/tex/latex/base/ifthen.sty
Package: ifthen 2024/03/16 v1.1e Standard LaTeX ifthen package (DPC)
)
\c@tabx@nest=\count351
\c@listtotal=\count352
\c@listcount=\count353
\c@liststart=\count354
\c@liststop=\count355
\c@citecount=\count356
\c@citetotal=\count357
\c@multicitecount=\count358
\c@multicitetotal=\count359
\c@instcount=\count360
\c@maxnames=\count361
\c@minnames=\count362
\c@maxitems=\count363
\c@minitems=\count364
\c@citecounter=\count365
\c@maxcitecounter=\count366
\c@savedcitecounter=\count367
\c@uniquelist=\count368
\c@uniquename=\count369
\c@refsection=\count370
\c@refsegment=\count371
\c@maxextratitle=\count372
\c@maxextratitleyear=\count373
\c@maxextraname=\count374
\c@maxextradate=\count375
\c@maxextraalpha=\count376
\c@abbrvpenalty=\count377
\c@highnamepenalty=\count378
\c@lownamepenalty=\count379
\c@maxparens=\count380
\c@parenlevel=\count381
\blx@tempcnta=\count382
\blx@tempcntb=\count383
\blx@tempcntc=\count384
\c@blx@maxsection=\count385
\blx@maxsegment@0=\count386
\blx@notetype=\count387
\blx@parenlevel@text=\count388
\blx@parenlevel@foot=\count389
\blx@sectionciteorder@0=\count390
\blx@sectionciteorderinternal@0=\count391
\blx@entrysetcounter=\count392
\blx@biblioinstance=\count393
\labelnumberwidth=\skip77
\labelalphawidth=\skip78
\biblabelsep=\skip79
\bibitemsep=\skip80
\bibnamesep=\skip81
\bibinitsep=\skip82
\bibparsep=\skip83
\bibhang=\skip84
\blx@bcfin=\read4
\blx@bcfout=\write4
\blx@langwohyphens=\language90
\c@mincomprange=\count394
\c@maxcomprange=\count395
\c@mincompwidth=\count396
Package biblatex Info: Trying to load biblatex default data model...
Package biblatex Info: ... file 'blx-dm.def' found.
 (/usr/local/texlive/2024/texmf-dist/tex/latex/biblatex/blx-dm.def
File: blx-dm.def 2024/03/21 v3.20 biblatex datamodel (PK/MW)
)
Package biblatex Info: Trying to load biblatex style data model...
Package biblatex Info: ... file 'chicago-authordate.dbx' not found.
Package biblatex Info: Trying to load biblatex custom data model...
Package biblatex Info: ... file 'biblatex-dm.cfg' not found.
\c@afterword=\count397
\c@savedafterword=\count398
\c@annotator=\count399
\c@savedannotator=\count400
\c@author=\count401
\c@savedauthor=\count402
\c@bookauthor=\count403
\c@savedbookauthor=\count404
\c@commentator=\count405
\c@savedcommentator=\count406
\c@editor=\count407
\c@savededitor=\count408
\c@editora=\count409
\c@savededitora=\count410
\c@editorb=\count411
\c@savededitorb=\count412
\c@editorc=\count413
\c@savededitorc=\count414
\c@foreword=\count415
\c@savedforeword=\count416
\c@holder=\count417
\c@savedholder=\count418
\c@introduction=\count419
\c@savedintroduction=\count420
\c@namea=\count421
\c@savednamea=\count422
\c@nameb=\count423
\c@savednameb=\count424
\c@namec=\count425
\c@savednamec=\count426
\c@translator=\count427
\c@savedtranslator=\count428
\c@shortauthor=\count429
\c@savedshortauthor=\count430
\c@shorteditor=\count431
\c@savedshorteditor=\count432
\c@labelname=\count433
\c@savedlabelname=\count434
\c@institution=\count435
\c@savedinstitution=\count436
\c@lista=\count437
\c@savedlista=\count438
\c@listb=\count439
\c@savedlistb=\count440
\c@listc=\count441
\c@savedlistc=\count442
\c@listd=\count443
\c@savedlistd=\count444
\c@liste=\count445
\c@savedliste=\count446
\c@listf=\count447
\c@savedlistf=\count448
\c@location=\count449
\c@savedlocation=\count450
\c@organization=\count451
\c@savedorganization=\count452
\c@origlocation=\count453
\c@savedoriglocation=\count454
\c@origpublisher=\count455
\c@savedorigpublisher=\count456
\c@publisher=\count457
\c@savedpublisher=\count458
\c@language=\count459
\c@savedlanguage=\count460
\c@origlanguage=\count461
\c@savedoriglanguage=\count462
\c@pageref=\count463
\c@savedpageref=\count464
\shorthandwidth=\skip85
\shortjournalwidth=\skip86
\shortserieswidth=\skip87
\shorttitlewidth=\skip88
\shortauthorwidth=\skip89
\shorteditorwidth=\skip90
\locallabelnumberwidth=\skip91
\locallabelalphawidth=\skip92
\localshorthandwidth=\skip93
\localshortjournalwidth=\skip94
\localshortserieswidth=\skip95
\localshorttitlewidth=\skip96
\localshortauthorwidth=\skip97
\localshorteditorwidth=\skip98
Package biblatex Info: Trying to load compatibility code...
Package biblatex Info: ... file 'blx-compat.def' found.
 (/usr/local/texlive/2024/texmf-dist/tex/latex/biblatex/blx-compat.def
File: blx-compat.def 2024/03/21 v3.20 biblatex compatibility (PK/MW)
)
Package biblatex Info: Trying to load generic definitions...
Package biblatex Info: ... file 'biblatex.def' found.
 (/usr/local/texlive/2024/texmf-dist/tex/latex/biblatex/biblatex.def
File: biblatex.def 2024/03/21 v3.20 biblatex compatibility (PK/MW)
\c@textcitecount=\count465
\c@textcitetotal=\count466
\c@textcitemaxnames=\count467
\c@biburlbigbreakpenalty=\count468
\c@biburlbreakpenalty=\count469
\c@biburlnumpenalty=\count470
\c@biburlucpenalty=\count471
\c@biburllcpenalty=\count472
\biburlbigskip=\muskip18
\biburlnumskip=\muskip19
\biburlucskip=\muskip20
\biburllcskip=\muskip21
\c@smartand=\count473
)
Package biblatex Info: Trying to load bibliography style 'chicago-authordate'...
Package biblatex Info: ... file 'chicago-authordate.bbx' found.
 (/usr/local/texlive/2024/texmf-dist/tex/latex/biblatex-chicago/chicago-authordate.bbx
File: chicago-authordate.bbx 2022/11/17 v 3.18b biblatex bibliography style
\lositemsep=\skip99
Package biblatex Info: Delimiter 'revsdnamedelim' in context '' already defined, overwriting.
\cms@tempcnta=\count474
\cms@tempcntb=\count475
\c@bbx:relatedcount=\count476
\c@bbx:relatedtotal=\count477
)
Package biblatex Info: Trying to load citation style 'chicago-authordate'...
Package biblatex Info: ... file 'chicago-authordate.cbx' found.
 (/usr/local/texlive/2024/texmf-dist/tex/latex/biblatex-chicago/chicago-authordate.cbx
File: chicago-authordate.cbx 2022/07/02 v 3.18 biblatex citation style
Package biblatex Info: Trying to load citation style 'chicago-dates-common'...
Package biblatex Info: ... file 'chicago-dates-common.cbx' found.
 (/usr/local/texlive/2024/texmf-dist/tex/latex/biblatex-chicago/chicago-dates-common.cbx
File: chicago-dates-common.cbx 2024/04/15 v 3.20 biblatex citation style
Package biblatex Info: Redefining '\cite'.
Package biblatex Info: Redefining '\parencite'.
Package biblatex Info: Redefining '\footcite'.
Package biblatex Info: Redefining '\footcitetext'.
Package biblatex Info: Redefining '\citetitle'.
Package biblatex Info: Redefining '\footfullcite'.
Package biblatex Info: Redefining '\fullcite'.
Package biblatex Info: Redefining '\textcite'.
Package biblatex Info: Redefining '\textcites'.
Package biblatex Info: Redefining '\cites'.
Package biblatex Info: Redefining '\parencites'.
Package biblatex Info: Redefining '\footcites'.
Package biblatex Info: Redefining '\footcitetexts'.
\c@cms@punct=\count478
Package biblatex Info: Delimiter 'dateeradelim' in context '' already defined, overwriting.
))
Package biblatex Info: Trying to load configuration file...
Package biblatex Info: ... file 'biblatex.cfg' found.
 (/usr/local/texlive/2024/texmf-dist/tex/latex/biblatex/biblatex.cfg
File: biblatex.cfg 
)
Package biblatex Info: Input encoding 'utf8' detected.
Package biblatex Info: Document encoding is UTF8 ....
 (/usr/local/texlive/2024/texmf-dist/tex/latex/l3kernel/expl3.sty
Package: expl3 2024-07-20 L3 programming layer (loader) 
 (/usr/local/texlive/2024/texmf-dist/tex/latex/l3backend/l3backend-pdftex.def
File: l3backend-pdftex.def 2024-05-08 L3 backend support: PDF output (pdfTeX)
\l__color_backend_stack_int=\count479
\l__pdf_internal_box=\box84
))
Package biblatex Info: ... and expl3
(biblatex)             2024-07-20 L3 programming layer (loader) 
(biblatex)             is new enough (at least 2020/04/06),
(biblatex)             setting 'casechanger=expl3'.
 (/usr/local/texlive/2024/texmf-dist/tex/latex/biblatex/blx-case-expl3.sty (/usr/local/texlive/2024/texmf-dist/tex/latex/l3packages/xparse/xparse.sty
Package: xparse 2024-05-08 L3 Experimental document command parser
)
Package: blx-case-expl3 2024/03/21 v3.20 expl3 case changing code for biblatex
)))) (/usr/local/texlive/2024/texmf-dist/tex/latex/blindtext/blindtext.sty
Package: blindtext 2012/01/06 V2.0 blindtext-Package
 (/usr/local/texlive/2024/texmf-dist/tex/latex/tools/xspace.sty
Package: xspace 2014/10/28 v1.13 Space after command names (DPC,MH)
)
\c@blindtext=\count480
\c@Blindtext=\count481
\c@blind@countparstart=\count482
\blind@countxx=\count483
\blindtext@numBlindtext=\count484
\blind@countyy=\count485
\c@blindlist=\count486
\c@blindlistlevel=\count487
\c@blindlist@level=\count488
\blind@listitem=\count489
\c@blind@listcount=\count490
\c@blind@levelcount=\count491
\blind@mathformula=\count492
\blind@Mathformula=\count493
\c@blind@randomcount=\count494
\c@blind@randommax=\count495
\c@blind@pangramcount=\count496
\c@blind@pangrammax=\count497
)
Package csquotes Info: Checking for multilingual support...
Package csquotes Info: ... found 'babel' package.
Package csquotes Info: Adjusting default style.
Package csquotes Info: Redefining alias 'default' -> 'english'.

No file submit_journal-main.aux.
\openout1 = `submit_journal-main.aux'.

LaTeX Font Info:    Checking defaults for OML/cmm/m/it on input line 13.
LaTeX Font Info:    ... okay on input line 13.
LaTeX Font Info:    Checking defaults for OMS/cmsy/m/n on input line 13.
LaTeX Font Info:    ... okay on input line 13.
LaTeX Font Info:    Checking defaults for OT1/cmr/m/n on input line 13.
LaTeX Font Info:    ... okay on input line 13.
LaTeX Font Info:    Checking defaults for T1/cmr/m/n on input line 13.
LaTeX Font Info:    ... okay on input line 13.
LaTeX Font Info:    Checking defaults for TS1/cmr/m/n on input line 13.
LaTeX Font Info:    ... okay on input line 13.
LaTeX Font Info:    Checking defaults for OMX/cmex/m/n on input line 13.
LaTeX Font Info:    ... okay on input line 13.
LaTeX Font Info:    Checking defaults for U/cmr/m/n on input line 13.
LaTeX Font Info:    ... okay on input line 13.
LaTeX Font Info:    Checking defaults for PD1/pdf/m/n on input line 13.
LaTeX Font Info:    ... okay on input line 13.
LaTeX Font Info:    Checking defaults for PU/pdf/m/n on input line 13.
LaTeX Font Info:    ... okay on input line 13.
\big@size=\dimen313
\big@size=\dimen314
(/usr/local/texlive/2024/texmf-dist/tex/context/base/mkii/supp-pdf.mkii
[Loading MPS to PDF converter (version 2006.09.02).]
\scratchcounter=\count498
\scratchdimen=\dimen315
\scratchbox=\box85
\nofMPsegments=\count499
\nofMParguments=\count500
\everyMPshowfont=\toks47
\MPscratchCnt=\count501
\MPscratchDim=\dimen316
\MPnumerator=\count502
\makeMPintoPDFobject=\count503
\everyMPtoPDFconversion=\toks48
) (/usr/local/texlive/2024/texmf-dist/tex/latex/epstopdf-pkg/epstopdf-base.sty
Package: epstopdf-base 2020-01-24 v2.11 Base part for package epstopdf
Package epstopdf-base Info: Redefining graphics rule for `.eps' on input line 485.
 (/usr/local/texlive/2024/texmf-dist/tex/latex/latexconfig/epstopdf-sys.cfg
File: epstopdf-sys.cfg 2010/07/13 v1.3 Configuration of (r)epstopdf for TeX Live
))
Package caption Info: Begin \AtBeginDocument code.
Package caption Info: float package is loaded.
Package caption Info: hyperref package is loaded.
Package caption Info: longtable package is loaded.
 (/usr/local/texlive/2024/texmf-dist/tex/latex/caption/ltcaption.sty
Package: ltcaption 2021/01/08 v1.4c longtable captions (AR)
)
Package caption Info: threeparttable package is loaded.
Package caption Info: End \AtBeginDocument code.
Package hyperref Info: Link coloring ON on input line 13.
\@outlinefile=\write5
\openout5 = `submit_journal-main.out'.


*geometry* driver: auto-detecting
*geometry* detected driver: pdftex
*geometry* verbose mode - [ preamble ] result:
* driver: pdftex
* paper: <default>
* layout: <same size as paper>
* layoutoffset:(h,v)=(0.0pt,0.0pt)
* modes: 
* h-part:(L,W,R)=(92.14519pt, 430.00462pt, 92.14519pt)
* v-part:(T,H,B)=(95.39737pt, 556.47656pt, 143.09605pt)
* \paperwidth=614.295pt
* \paperheight=794.96999pt
* \textwidth=430.00462pt
* \textheight=556.47656pt
* \oddsidemargin=19.8752pt
* \evensidemargin=19.8752pt
* \topmargin=-13.87262pt
* \headheight=12.0pt
* \headsep=25.0pt
* \topskip=12.0pt
* \footskip=30.0pt
* \marginparwidth=44.0pt
* \marginparsep=10.0pt
* \columnsep=10.0pt
* \skip\footins=10.8pt plus 4.0pt minus 2.0pt
* \hoffset=0.0pt
* \voffset=0.0pt
* \mag=1000
* \@twocolumnfalse
* \@twosidefalse
* \@mparswitchfalse
* \@reversemarginfalse
* (1in=72.27pt=25.4mm, 1cm=28.453pt)

(/usr/local/texlive/2024/texmf-dist/tex/latex/translations/translations-basic-dictionary-english.trsl
File: translations-basic-dictionary-english.trsl (english translation file `translations-basic-dictionary')
)
Package translations Info: loading dictionary `translations-basic-dictionary' for `english'. on input line 13.
Package biblatex Info: Trying to load language 'english' -> 'cms-american'...
Package biblatex Info: ... file 'cms-american.lbx' found.
 (/usr/local/texlive/2024/texmf-dist/tex/latex/biblatex-chicago/cms-american.lbx
File: cms-american.lbx 2022/07/02 v 3.18 biblatex localization
Package biblatex Info: Trying to load language 'american'...
Package biblatex Info: ... file 'american.lbx' found.
 (/usr/local/texlive/2024/texmf-dist/tex/latex/biblatex/lbx/american.lbx
File: american.lbx 2024/03/21 v3.20 biblatex localization (PK/MW)
Package biblatex Info: Trying to load language 'english'...
Package biblatex Info: ... file 'english.lbx' found.
 (/usr/local/texlive/2024/texmf-dist/tex/latex/biblatex/lbx/english.lbx
File: english.lbx 2024/03/21 v3.20 biblatex localization (PK/MW)
))
Package biblatex Info: Trying to load language 'english'...
Package biblatex Info: ... file 'english.lbx' found.
 (/usr/local/texlive/2024/texmf-dist/tex/latex/biblatex/lbx/english.lbx
File: english.lbx 2024/03/21 v3.20 biblatex localization (PK/MW)
))
Package biblatex Info: Input encoding 'utf8' detected.
Package biblatex Info: Automatic encoding selection.
(biblatex)             Assuming data encoding 'utf8'.
\openout4 = `submit_journal-main.bcf'.

Package biblatex Info: Trying to load bibliographic data...
Package biblatex Info: ... file 'submit_journal-main.bbl' not found.

No file submit_journal-main.bbl.
Package biblatex Info: Reference section=0 on input line 13.
Package biblatex Info: Reference segment=0 on input line 13.
LaTeX Font Info:    Trying to load font information for TS1+ppl on input line 28.
(/usr/local/texlive/2024/texmf-dist/tex/latex/psnfss/ts1ppl.fd
File: ts1ppl.fd 2001/06/04 font definitions for TS1/ppl.
)

LaTeX Warning: Hyper reference `r&r:responses' on page 1 undefined on input line 40.



[1

{/usr/local/texlive/2024/texmf-var/fonts/map/pdftex/updmap/pdftex.map}{/usr/local/texlive/2024/texmf-dist/fonts/enc/dvips/base/8r.enc}] (./manuscript_title_etc.tex)
Overfull \hbox (14.33623pt too wide) in paragraph at lines 64--65
[][][]\T1/ppl/m/n/12 Hussain Hadah[][]: De-part-ment of Eco-nomics, Tu-lane Uni-ver-sity, 6823 St. Charles
 []


Overfull \hbox (38.79356pt too wide) in paragraph at lines 68--69
\T1/ppl/b/n/12 Charles Ave., New Or-leans, LA 70118, United States (e-mail: [][]hhadah@tulane.edu[][],
 []



[1

]

[2

]

[3

]

[4

]

[5

] (./manuscript_main.tex

LaTeX Warning: Citation 'bayer2018divergent' on page 1 undefined on input line 7.


LaTeX Warning: Citation 'charles2008prejudice' on page 1 undefined on input line 7.


LaTeX Warning: Citation 'duncan2006hispanics' on page 1 undefined on input line 7.


LaTeX Warning: Citation 'duncan2018identifying' on page 1 undefined on input line 7.


LaTeX Warning: Citation 'duncan2018socioeconomic' on page 1 undefined on input line 7.


LaTeX Warning: Citation 'chettyUnitedStatesStill2014' on page 1 undefined on input line 7.


LaTeX Warning: Citation 'chettyEffectsExposureBetter2016' on page 1 undefined on input line 7.


LaTeX Warning: Citation 'chettyFadingAmericanDream2017' on page 1 undefined on input line 7.

LaTeX Font Info:    Trying to load font information for OT1+ppl on input line 9.
(/usr/local/texlive/2024/texmf-dist/tex/latex/psnfss/ot1ppl.fd
File: ot1ppl.fd 2001/06/04 font definitions for OT1/ppl.
)
LaTeX Font Info:    Trying to load font information for U+zeur on input line 9.
 (/usr/local/texlive/2024/texmf-dist/tex/latex/eulervm/uzeur.fd
File: uzeur.fd 2005/01/11 v4.0 (WaS)
)
LaTeX Font Info:    Trying to load font information for U+zeus on input line 9.
 (/usr/local/texlive/2024/texmf-dist/tex/latex/eulervm/uzeus.fd
File: uzeus.fd 2005/01/11 v4.0 (WaS)
)
LaTeX Font Info:    Trying to load font information for U+zeuex on input line 9.
 (/usr/local/texlive/2024/texmf-dist/tex/latex/eulervm/uzeuex.fd
File: uzeuex.fd 2005/01/11 v4.0 (WaS)
)
LaTeX Font Info:    Trying to load font information for OT1+zplm on input line 9.
 (/usr/local/texlive/2024/texmf-dist/tex/latex/psnfss/ot1zplm.fd
File: ot1zplm.fd 2002/09/08 Fontinst v1.914 font definitions for OT1/zplm.
)

LaTeX Warning: Citation 'antman2020ethnic' on page 1 undefined on input line 9.


LaTeX Warning: Citation 'hadah2024effect' on page 1 undefined on input line 9.


LaTeX Warning: Citation '' on page 1 undefined on input line 9.


LaTeX Warning: Citation 'hadah2024effect' on page 1 undefined on input line 9.


LaTeX Warning: Citation '' on page 1 undefined on input line 9.


Overfull \hbox (1.46202pt too wide) in paragraph at lines 9--10
\T1/ppl/m/n/12 em-pir-i-cal strat-egy com-par-ing chil-dren from in-tereth-nic fam-i-lies^^Vthose with likely
 []




pdfTeX warning (ext4): destination with the same identifier (name{page.1}) has been already used, duplicate ignored
<to be read again> 
                   \relax 
l.10 
      [1

]

LaTeX Warning: Citation 'rubinstein2014pride' on page 2 undefined on input line 11.


LaTeX Warning: Citation '' on page 2 undefined on input line 11.


LaTeX Warning: Citation 'antman2020ethnic' on page 2 undefined on input line 11.


LaTeX Warning: Citation '' on page 2 undefined on input line 11.


LaTeX Warning: Citation 'davilaChangesRelativeEarnings2008' on page 2 undefined on input line 11.


LaTeX Warning: Citation '' on page 2 undefined on input line 11.


LaTeX Warning: Citation 'antman2020ethnic' on page 2 undefined on input line 11.


LaTeX Warning: Citation '' on page 2 undefined on input line 11.


LaTeX Warning: Citation 'antman2020ethnic' on page 2 undefined on input line 11.


LaTeX Warning: Citation 'antmanEthnicAttritionObserved2016' on page 2 undefined on input line 11.


LaTeX Warning: Citation 'antmanEthnicAttritionObserved2016a' on page 2 undefined on input line 11.


LaTeX Warning: Citation 'antmanEthnicAttritionAssimilation2020' on page 2 undefined on input line 11.


LaTeX Warning: Citation '' on page 2 undefined on input line 11.


Underfull \hbox (badness 10000) in paragraph at lines 11--11
[][][]\T1/ppl/m/n/10 For ad-di-tional stud-ies ex-am-in-ing eth-nic iden-tity and out-comes among His-
 []


Underfull \hbox (badness 10000) in paragraph at lines 11--11
\T1/ppl/m/n/10 panic pop-u-la-tions, see []; [];
 []


Overfull \hbox (11.06203pt too wide) in paragraph at lines 11--11
[]\T1/ppl/m/n/10 ; [][],
 []


Overfull \hbox (4.98898pt too wide) in paragraph at lines 11--12
[]\T1/ppl/m/n/12 This ap-proach builds on [][], who com-pared
 []


Overfull \hbox (134.93854pt too wide) in paragraph at lines 11--12
\T1/ppl/m/n/12 wage penal-ties as-so-ci-ated with Sephardic sur-names. Pre-vi-ous work by [][]
 []


Overfull \hbox (147.03406pt too wide) in paragraph at lines 11--12
\T1/ppl/m/n/12 all of the Hispanic-White gap, sug-gest-ing dis-crim-i-na-tion may play a role. [][]
 []



[2]

LaTeX Warning: Citation 'chettyUnitedStatesStill2014' on page 3 undefined on input line 13.


LaTeX Warning: Citation 'hurst2024task' on page 3 undefined on input line 13.


Overfull \hbox (0.76295pt too wide) in paragraph at lines 13--14
[]\T1/ppl/m/n/12 Discrimination against His-pan-ics in the US la-bor mar-ket un-der-mines eco-nomic
 []


LaTeX Warning: Citation 'averettBetterWorseRelationship2008' on page 3 undefined on input line 15.


LaTeX Warning: Citation 'averettEconomicRealityBeauty1996' on page 3 undefined on input line 15.


LaTeX Warning: Citation 'beckerTheoryMarriagePart1973' on page 3 undefined on input line 15.


LaTeX Warning: Citation 'beckerTheoryMarriagePart1974' on page 3 undefined on input line 15.


LaTeX Warning: Citation 'beckerTreatiseFamily1993' on page 3 undefined on input line 15.


LaTeX Warning: Citation 'browningCollectiveUnitaryModels2006' on page 3 undefined on input line 15.


LaTeX Warning: Citation 'chiapporiFatterAttractionAnthropometric2012' on page 3 undefined on input line 15.


LaTeX Warning: Citation '' on page 3 undefined on input line 15.


Underfull \hbox (badness 10000) in paragraph at lines 15--15
[][][]\T1/ppl/m/n/10 For more on as-sor-ta-tive mat-ing see [];
 []


Overfull \hbox (23.34224pt too wide) in paragraph at lines 15--15
[]\T1/ppl/m/n/10 ; []; [];
 []


LaTeX Warning: Reference `sec:hw-wh-couples-data' on page 3 undefined on input line 15.


LaTeX Warning: Citation 'davenport2016role' on page 3 undefined on input line 15.


Overfull \hbox (20.30171pt too wide) in paragraph at lines 15--16
\T1/ppl/m/n/12 Hispanic-father/White-mother cou-ples (HW) and chil-dren of White-father/Hispanic-
 []


Overfull \hbox (113.10739pt too wide) in paragraph at lines 15--16
\T1/ppl/m/n/12 are largely con-trolled for ([]; []).[][][][][]
 []


Overfull \hbox (1.16235pt too wide) in paragraph at lines 15--16
\T1/ppl/m/n/12 fathers/White-mothers and His-panic fa-thers/Hispanic moth-ers), as I demon-strate
 []



[3]

LaTeX Warning: Citation 'bertrand2004emily' on page 4 undefined on input line 17.


LaTeX Warning: Citation '' on page 4 undefined on input line 17.


LaTeX Warning: Citation 'bergman2018education' on page 4 undefined on input line 17.


LaTeX Warning: Citation 'gaddis2024racial' on page 4 undefined on input line 17.


LaTeX Warning: Citation 'fryer2004causes' on page 4 undefined on input line 17.


LaTeX Warning: Citation '' on page 4 undefined on input line 17.


LaTeX Warning: Citation 'janssen2022guidance' on page 4 undefined on input line 17.


LaTeX Warning: Citation '' on page 4 undefined on input line 17.


LaTeX Warning: Citation 'bourabain2023school' on page 4 undefined on input line 17.


LaTeX Warning: Citation '' on page 4 undefined on input line 17.


Overfull \hbox (145.25793pt too wide) in paragraph at lines 17--18
\T1/ppl/m/n/12 has doc-u-mented dis-crim-i-na-tion but can-not ob-serve ac-tual wages. While [][]
 []


Overfull \hbox (6.68442pt too wide) in paragraph at lines 17--18
\T1/ppl/m/n/12 sponses ([]; []), my method re-veals the down-
 []


Overfull \hbox (129.20163pt too wide) in paragraph at lines 17--18
\T1/ppl/m/n/12 demic coun-sel-ing, and sub-tle in-sti-tu-tional bar-ri-ers doc-u-mented by [][]
 []


Overfull \hbox (2.51797pt too wide) in paragraph at lines 17--18
\T1/ppl/m/n/12 sub-stan-tially in re-cent decades, dis-crim-i-na-tion within ed-u-ca-tional in-sti-tu-tions may
 []



[4]

LaTeX Warning: Citation 'bertrand2020gender' on page 5 undefined on input line 19.


LaTeX Warning: Citation '' on page 5 undefined on input line 19.


LaTeX Warning: Citation 'antecol2002relative' on page 5 undefined on input line 19.


LaTeX Warning: Citation '' on page 5 undefined on input line 19.


LaTeX Warning: Citation 'goldin2004making' on page 5 undefined on input line 19.


LaTeX Warning: Citation '' on page 5 undefined on input line 19.


LaTeX Warning: Citation 'darity2015tour' on page 5 undefined on input line 19.


LaTeX Warning: Citation '' on page 5 undefined on input line 19.


Overfull \hbox (67.72717pt too wide) in paragraph at lines 19--20
\T1/ppl/m/n/12 sep-a-rate out a por-tion of my re-sults based on gen-der. As [][]
 []


Overfull \hbox (102.41818pt too wide) in paragraph at lines 19--20
\T1/ppl/m/n/12 the US, with dif-fer-ences in ed-u-ca-tion largely ex-plain-ing the gap. [][]
 []


LaTeX Warning: Reference `sec:data' on page 5 undefined on input line 21.


LaTeX Warning: Reference `sec:emp_model' on page 5 undefined on input line 21.


LaTeX Warning: Reference `sec:results' on page 5 undefined on input line 21.


LaTeX Warning: Reference `sec:con1' on page 5 undefined on input line 21.



[5]

LaTeX Warning: Citation 'cps2019' on page 6 undefined on input line 26.


LaTeX Warning: Citation 'acs2019' on page 6 undefined on input line 26.


LaTeX Warning: Citation 'rubinstein2014pride' on page 6 undefined on input line 29.


LaTeX Warning: Citation '' on page 6 undefined on input line 29.


LaTeX Warning: Citation 'aaronson2008intergenerational' on page 6 undefined on input line 29.


LaTeX Warning: Citation '' on page 6 undefined on input line 29.


Overfull \hbox (106.89034pt too wide) in paragraph at lines 29--30
\T1/ppl/m/n/12 thetic par-ents' us-ing the 1960^^U2000 US Cen-sus data, fol-low-ing [][].[][][][][]
 []



[6]

LaTeX Warning: Citation 'hadah2024effect' on page 7 undefined on input line 42.


LaTeX Warning: Citation 'antmanEthnicAttritionObserved2016' on page 7 undefined on input line 42.


LaTeX Warning: Citation 'antmanEthnicAttritionAssimilation2020' on page 7 undefined on input line 42.


LaTeX Warning: Citation '' on page 7 undefined on input line 42.


Underfull \hbox (badness 10000) in paragraph at lines 42--42
[][][]\T1/ppl/m/n/10 Ethnic at-tri-tion oc-curs when US-born de-scen-dants of His-panic im-mi-
 []


Underfull \hbox (badness 10000) in paragraph at lines 42--42
\T1/ppl/m/n/10 grants fail to self-identify as His-panic. See [];
 []


LaTeX Warning: Citation 'rubinstein2014pride' on page 7 undefined on input line 46.


LaTeX Warning: Citation 'aaronson2008intergenerational' on page 7 undefined on input line 46.


Overfull \hbox (98.07481pt too wide) in paragraph at lines 46--47
\T1/ppl/m/n/12 would oth-er-wise be com-pletely un-ob-served ([]; []).
 []



[7]

LaTeX Warning: Reference `tab:mat3' on page 8 undefined on input line 48.



[8]

LaTeX Warning: Reference `tab:mat1' on page 9 undefined on input line 63.


LaTeX Warning: Reference `sec:hw-wh-couples-data' on page 9 undefined on input line 63.



[9]

LaTeX Warning: Citation 'rubinstein2014pride' on page 10 undefined on input line 73.


LaTeX Warning: Citation '' on page 10 undefined on input line 73.


LaTeX Warning: Reference `tab:mat3' on page 10 undefined on input line 77.


Overfull \hbox (8.2302pt too wide) in paragraph at lines 77--78
\T1/ppl/m/n/12 makes it un-likely that US-born par-ents in in-tereth-nic unions are second-generation+
 []



[10]

LaTeX Warning: Citation 'beckerTheoryMarriagePart1973' on page 11 undefined on input line 79.


LaTeX Warning: Citation 'chiapporiFatterAttractionAnthropometric2012' on page 11 undefined on input line 79.


LaTeX Warning: Citation 'duncanIntermarriageIntergenerationalTransmission2011' on page 11 undefined on input line 79.


LaTeX Warning: Reference `sec:hw-wh-couples-data' on page 11 undefined on input line 79.


Overfull \hbox (232.84554pt too wide) in paragraph at lines 79--80
\T1/ppl/m/n/12 tic-u-larly across ed-u-ca-tion and in-come lines ([]; [];
 []



[11]

LaTeX Warning: Reference `tab:synth' on page 12 undefined on input line 89.



[12]

LaTeX Warning: Citation 'gould2020does' on page 13 undefined on input line 93.



[13]

LaTeX Warning: Reference `tab:synthmex' on page 14 undefined on input line 99.


LaTeX Warning: Reference `tab:syntnonmex' on page 14 undefined on input line 99.


LaTeX Warning: Reference `tab:c&p2' on page 14 undefined on input line 99.


LaTeX Warning: Reference `eq:1a' on page 14 undefined on input line 105.


LaTeX Warning: Reference `tab:lastname-ed-reg' on page 14 undefined on input line 105.


LaTeX Warning: Reference `tab:lastname-ed-reg' on page 14 undefined on input line 105.



[14]

[15]

LaTeX Warning: Reference `eq:1a' on page 16 undefined on input line 117.


LaTeX Warning: Reference `tab:lastnamereg-emp' on page 16 undefined on input line 117.


LaTeX Warning: Reference `tab:lastnamereg' on page 16 undefined on input line 117.


LaTeX Warning: Reference `tab:lastnamereg' on page 16 undefined on input line 117.


LaTeX Warning: Reference `tab:lastnamereg-emp' on page 16 undefined on input line 119.



[16]

LaTeX Warning: Reference `tab:lastnamereg' on page 17 undefined on input line 121.


LaTeX Warning: Reference `eq:1a' on page 17 undefined on input line 126.


LaTeX Warning: Reference `tab:lastname-ed-reg-mex' on page 17 undefined on input line 126.


LaTeX Warning: Reference `tab:lastname-ed-reg-nonmex' on page 17 undefined on input line 126.


LaTeX Warning: Reference `tab:lastnamereg-weekearm-mex' on page 17 undefined on input line 126.


LaTeX Warning: Reference `tab:lastnamereg-weekearm-nonmex' on page 17 undefined on input line 126.



[17]

LaTeX Warning: Reference `tab:lastnamereg-weekearm' on page 18 undefined on input line 128.


LaTeX Warning: Reference `tab:lastnamereg-weekearm-mex' on page 18 undefined on input line 128.


LaTeX Warning: Reference `tab:lastnamereg-weekearm-nonmex' on page 18 undefined on input line 128.


LaTeX Warning: Reference `tab:lastnamereg-occ' on page 18 undefined on input line 130.


Overfull \hbox (22.65138pt too wide) in paragraph at lines 134--135
[]\T1/ppl/m/n/12 This study uses surname-based eth-nic cues to show that in-di-vid-u-als with Hispanic-
 []



[18])

[19]

LaTeX Warning: Empty bibliography on input line 126.

(./manuscript_tab_fig.tex (./tab01-observations-by-parents.tex)

[20

] (./tab04-summary-stats.tex
Underfull \hbox (badness 10000) in paragraph at lines 25--25
[]
 []


Overfull \hbox (8.68764pt too wide) in paragraph at lines 25--25
\T1/ppl/m/n/12 Source:
 []


Underfull \hbox (badness 10000) in paragraph at lines 25--25
\T1/ppl/m/n/12 The
 []


Underfull \hbox (badness 10000) in paragraph at lines 25--25
\T1/ppl/m/n/12 1994-
 []


Underfull \hbox (badness 10000) in paragraph at lines 25--25
\T1/ppl/m/n/12 2019
 []


Underfull \hbox (badness 10000) in paragraph at lines 25--25
\T1/ppl/m/n/12 Cur-
 []


Underfull \hbox (badness 10000) in paragraph at lines 25--25
\T1/ppl/m/n/12 rent
 []


Underfull \hbox (badness 10000) in paragraph at lines 25--25
\T1/ppl/m/n/12 Pop-
 []


Underfull \hbox (badness 10000) in paragraph at lines 25--25
\T1/ppl/m/n/12 u-la-
 []


Underfull \hbox (badness 10000) in paragraph at lines 25--25
\T1/ppl/m/n/12 tion
 []


Underfull \hbox (badness 10000) in paragraph at lines 25--25
\T1/ppl/m/n/12 Sur-
 []


Underfull \hbox (badness 10000) in paragraph at lines 25--25
\T1/ppl/m/n/12 veys
 []


Underfull \hbox (badness 10000) in paragraph at lines 25--25
\T1/ppl/m/n/12 for
 []


Underfull \hbox (badness 10000) in paragraph at lines 25--25
\T1/ppl/m/n/12 chil-
 []


Overfull \hbox (3.01169pt too wide) in paragraph at lines 25--25
\T1/ppl/m/n/12 dren's
 []


Underfull \hbox (badness 10000) in paragraph at lines 25--25
\T1/ppl/m/n/12 out-
 []


Overfull \hbox (3.3117pt too wide) in paragraph at lines 25--25
\T1/ppl/m/n/12 comes 
 []


Underfull \hbox (badness 10000) in paragraph at lines 25--25
[]\T1/ppl/m/n/12 The
 []


Underfull \hbox (badness 10000) in paragraph at lines 25--25
\T1/ppl/m/n/12 data
 []


Underfull \hbox (badness 1226) in paragraph at lines 25--25
\T1/ppl/m/n/12 is re-
 []


Overfull \hbox (9.55135pt too wide) in paragraph at lines 25--25
\T1/ppl/m/n/12 stricted
 []


Underfull \hbox (badness 10000) in paragraph at lines 25--25
\T1/ppl/m/n/12 to
 []


Overfull \hbox (6.91142pt too wide) in paragraph at lines 25--25
\T1/ppl/m/n/12 native-
 []


Underfull \hbox (badness 10000) in paragraph at lines 25--25
\T1/ppl/m/n/12 born
 []


Overfull \hbox (6.80345pt too wide) in paragraph at lines 25--25
\T1/ppl/m/n/12 United
 []


Overfull \hbox (0.95961pt too wide) in paragraph at lines 25--25
\T1/ppl/m/n/12 States
 []


Underfull \hbox (badness 10000) in paragraph at lines 25--25
\T1/ppl/m/n/12 cit-i-
 []


Underfull \hbox (badness 10000) in paragraph at lines 25--25
\T1/ppl/m/n/12 zens
 []


Underfull \hbox (badness 10000) in paragraph at lines 25--25
\T1/ppl/m/n/12 be-
 []


Overfull \hbox (2.39957pt too wide) in paragraph at lines 25--25
\T1/ppl/m/n/12 tween
 []


Underfull \hbox (badness 10000) in paragraph at lines 25--25
\T1/ppl/m/n/12 1994
 []


Underfull \hbox (badness 10000) in paragraph at lines 25--25
\T1/ppl/m/n/12 and
 []


Underfull \hbox (badness 10000) in paragraph at lines 25--25
\T1/ppl/m/n/12 2019
 []


Underfull \hbox (badness 10000) in paragraph at lines 25--25
\T1/ppl/m/n/12 who
 []


Underfull \hbox (badness 10000) in paragraph at lines 25--25
\T1/ppl/m/n/12 are
 []


Underfull \hbox (badness 10000) in paragraph at lines 25--25
\T1/ppl/m/n/12 also
 []


Overfull \hbox (2.13559pt too wide) in paragraph at lines 25--25
\T1/ppl/m/n/12 White
 []


Underfull \hbox (badness 10000) in paragraph at lines 25--25
\T1/ppl/m/n/12 and
 []


Underfull \hbox (badness 10000) in paragraph at lines 25--25
\T1/ppl/m/n/12 be-
 []


Overfull \hbox (2.39957pt too wide) in paragraph at lines 25--25
\T1/ppl/m/n/12 tween
 []


Underfull \hbox (badness 10000) in paragraph at lines 25--25
\T1/ppl/m/n/12 the
 []


Underfull \hbox (badness 10000) in paragraph at lines 25--25
\T1/ppl/m/n/12 ages
 []


Underfull \hbox (badness 1509) in paragraph at lines 25--25
\T1/ppl/m/n/12 of 25
 []


Underfull \hbox (badness 10000) in paragraph at lines 25--25
\T1/ppl/m/n/12 and
 []


Underfull \hbox (badness 10000) in paragraph at lines 25--25
\T1/ppl/m/n/12 iden-
 []


Underfull \hbox (badness 10000) in paragraph at lines 25--25
\T1/ppl/m/n/12 tify
 []


Underfull \hbox (badness 10000) in paragraph at lines 25--25
\T1/ppl/m/n/12 the
 []


Underfull \hbox (badness 10000) in paragraph at lines 25--25
\T1/ppl/m/n/12 eth-
 []


Underfull \hbox (badness 10000) in paragraph at lines 25--25
\T1/ppl/m/n/12 nic-ity
 []


Underfull \hbox (badness 10000) in paragraph at lines 25--25
\T1/ppl/m/n/12 of a
 []


Underfull \hbox (badness 10000) in paragraph at lines 25--25
\T1/ppl/m/n/12 per-
 []


Underfull \hbox (badness 10000) in paragraph at lines 25--25
\T1/ppl/m/n/12 son's
 []


Underfull \hbox (badness 10000) in paragraph at lines 25--25
\T1/ppl/m/n/12 par-
 []


Underfull \hbox (badness 10000) in paragraph at lines 25--25
\T1/ppl/m/n/12 ents
 []


Overfull \hbox (12.86346pt too wide) in paragraph at lines 25--25
\T1/ppl/m/n/12 through
 []


Underfull \hbox (badness 10000) in paragraph at lines 25--25
\T1/ppl/m/n/12 the
 []


Underfull \hbox (badness 10000) in paragraph at lines 25--25
\T1/ppl/m/n/12 par-
 []


Underfull \hbox (badness 10000) in paragraph at lines 25--25
\T1/ppl/m/n/12 ent's
 []


Underfull \hbox (badness 10000) in paragraph at lines 25--25
\T1/ppl/m/n/12 place
 []


Underfull \hbox (badness 10000) in paragraph at lines 25--25
\T1/ppl/m/n/12 of
 []


Underfull \hbox (badness 10000) in paragraph at lines 25--25
\T1/ppl/m/n/12 birth.
 []


Underfull \hbox (badness 10000) in paragraph at lines 25--25
\T1/ppl/m/n/12 A
 []


Underfull \hbox (badness 10000) in paragraph at lines 25--25
\T1/ppl/m/n/12 par-
 []


Underfull \hbox (badness 10000) in paragraph at lines 25--25
\T1/ppl/m/n/12 His-
 []


Underfull \hbox (badness 10000) in paragraph at lines 25--25
\T1/ppl/m/n/12 panic
 []


Underfull \hbox (badness 10000) in paragraph at lines 25--25
\T1/ppl/m/n/12 if
 []


Underfull \hbox (badness 10000) in paragraph at lines 25--25
\T1/ppl/m/n/12 they
 []


Underfull \hbox (badness 10000) in paragraph at lines 25--25
\T1/ppl/m/n/12 were
 []


Underfull \hbox (badness 10000) in paragraph at lines 25--25
\T1/ppl/m/n/12 born
 []


Underfull \hbox (badness 10000) in paragraph at lines 25--25
\T1/ppl/m/n/12 in a
 []


Overfull \hbox (16.05554pt too wide) in paragraph at lines 25--25
\T1/ppl/m/n/12 Spanish-
 []


Overfull \hbox (17.86742pt too wide) in paragraph at lines 25--25
\T1/ppl/m/n/12 speaking
 []


Underfull \hbox (badness 10000) in paragraph at lines 25--25
\T1/ppl/m/n/12 par-
 []


Overfull \hbox (2.13559pt too wide) in paragraph at lines 25--25
\T1/ppl/m/n/12 White
 []


Underfull \hbox (badness 10000) in paragraph at lines 25--25
\T1/ppl/m/n/12 if
 []


Underfull \hbox (badness 10000) in paragraph at lines 25--25
\T1/ppl/m/n/12 they
 []


Underfull \hbox (badness 10000) in paragraph at lines 25--25
\T1/ppl/m/n/12 were
 []


Underfull \hbox (badness 10000) in paragraph at lines 25--25
\T1/ppl/m/n/12 born
 []


Overfull \hbox (6.80345pt too wide) in paragraph at lines 25--25
\T1/ppl/m/n/12 United
 []


Overfull \hbox (3.95961pt too wide) in paragraph at lines 25--25
\T1/ppl/m/n/12 States. 
 []

[21

] [22] [23] [24] [25]
Overfull \vbox (1786.51091pt too high) has occurred while \output is active []



[26]) (./tab02-observations-by-couple.tex)

[27

]
*geometry* verbose mode - [ newgeometry ] result:
* driver: pdftex
* paper: <default>
* layout: <same size as paper>
* layoutoffset:(h,v)=(0.0pt,0.0pt)
* modes: 
* h-part:(L,W,R)=(92.14519pt, 430.00462pt, 92.14519pt)
* v-part:(T,H,B)=(95.39737pt, 627.30263pt, 72.26999pt)
* \paperwidth=614.295pt
* \paperheight=794.96999pt
* \textwidth=430.00462pt
* \textheight=627.30263pt
* \oddsidemargin=19.8752pt
* \evensidemargin=19.8752pt
* \topmargin=-13.87262pt
* \headheight=12.0pt
* \headsep=25.0pt
* \topskip=12.0pt
* \footskip=30.0pt
* \marginparwidth=44.0pt
* \marginparsep=10.0pt
* \columnsep=10.0pt
* \skip\footins=10.8pt plus 4.0pt minus 2.0pt
* \hoffset=0.0pt
* \voffset=0.0pt
* \mag=1000
* \@twocolumnfalse
* \@twosidefalse
* \@mparswitchfalse
* \@reversemarginfalse
* (1in=72.27pt=25.4mm, 1cm=28.453pt)

 (./tab03a-summary-stats.tex)

[28

] (./tab11-measurement-error.tex)

[29] (./tab13-regression.tex

LaTeX Warning: Reference `eq:1a' on page 30 undefined on input line 33.


Overfull \hbox (76.65472pt too wide) in paragraph at lines 6--38
 [] 
 []

)

[30] (./tab14-emp-regression.tex

LaTeX Warning: Reference `eq:1a' on page 31 undefined on input line 27.

)

[31] (./tab05-regression.tex

LaTeX Warning: Reference `eq:1a' on page 32 undefined on input line 27.

)
Overfull \vbox (11.19698pt too high) has occurred while \output is active []



[32] (./tab03a-summary-stats-mex.tex)

[33] (./tab03a-summary-stats-nonmex.tex)

[34])
\blx@maxsegment@1=\count504
\blx@sectionciteorder@1=\count505
Package biblatex Info: Reference section=1 on input line 139.
Package biblatex Info: Setting label 'refsection:1' on input line 139.
Package biblatex Info: Reference section=0 on input line 144.
\blx@maxsegment@2=\count506
\blx@sectionciteorder@2=\count507
Package biblatex Info: Reference section=2 on input line 149.
Package biblatex Info: Setting label 'refsection:2' on input line 149.



pdfTeX warning (ext4): destination with the same identifier (name{page.1}) has been already used, duplicate ignored
<to be read again> 
                   \relax 
l.161     \newpage
                   [1

]

LaTeX Warning: Reference `sec:hw-wh-couples-data' on page 2 undefined on input line 171.




pdfTeX warning (ext4): destination with the same identifier (name{page.2}) has been already used, duplicate ignored
<to be read again> 
                   \relax 
l.172 \end{spacing}
                    [2]

LaTeX Warning: Reference `tab:synth' on page 3 undefined on input line 179.




pdfTeX warning (ext4): destination with the same identifier (name{page.3}) has been already used, duplicate ignored
<to be read again> 
                   \relax 
l.185     \end{quotation}
                          [3]

LaTeX Warning: Citation 'hadah2024effect' on page 4 undefined on input line 189.


LaTeX Warning: Citation '' on page 4 undefined on input line 189.


Overfull \hbox (0.9703pt too wide) in paragraph at lines 189--190
\T1/ppl/m/n/12 cerns raised by the re-viewer. First, re-gard-ing the en-do-gene-ity of self-identification,
 []




pdfTeX warning (ext4): destination with the same identifier (name{page.4}) has been already used, duplicate ignored
<to be read again> 
                   \relax 
l.190 \end{spacing}
                    [4]

LaTeX Warning: Reference `tab:mat3' on page 5 undefined on input line 193.




pdfTeX warning (ext4): destination with the same identifier (name{page.5}) has been already used, duplicate ignored
<to be read again> 
                   \relax 
l.199 \end{quotation}
                      [5]


pdfTeX warning (ext4): destination with the same identifier (name{page.6}) has been already used, duplicate ignored
<to be read again> 
                   \relax 
l.206 \end{spacing}
                    [6]


pdfTeX warning (ext4): destination with the same identifier (name{page.7}) has been already used, duplicate ignored
<to be read again> 
                   \relax 
l.215     \end{quotation}
                          [7]


pdfTeX warning (ext4): destination with the same identifier (name{page.8}) has been already used, duplicate ignored
<to be read again> 
                   \relax 
l.222 
       [8]


pdfTeX warning (ext4): destination with the same identifier (name{page.9}) has been already used, duplicate ignored
<to be read again> 
                   \relax 
l.225 \newgeometry{bottom=1.0in}
                                 [9]
*geometry* verbose mode - [ newgeometry ] result:
* driver: pdftex
* paper: <default>
* layout: <same size as paper>
* layoutoffset:(h,v)=(0.0pt,0.0pt)
* modes: 
* h-part:(L,W,R)=(92.14519pt, 430.00462pt, 92.14519pt)
* v-part:(T,H,B)=(95.39737pt, 627.30263pt, 72.26999pt)
* \paperwidth=614.295pt
* \paperheight=794.96999pt
* \textwidth=430.00462pt
* \textheight=627.30263pt
* \oddsidemargin=19.8752pt
* \evensidemargin=19.8752pt
* \topmargin=-13.87262pt
* \headheight=12.0pt
* \headsep=25.0pt
* \topskip=12.0pt
* \footskip=30.0pt
* \marginparwidth=44.0pt
* \marginparsep=10.0pt
* \columnsep=10.0pt
* \skip\footins=10.8pt plus 4.0pt minus 2.0pt
* \hoffset=0.0pt
* \voffset=0.0pt
* \mag=1000
* \@twocolumnfalse
* \@twosidefalse
* \@mparswitchfalse
* \@reversemarginfalse
* (1in=72.27pt=25.4mm, 1cm=28.453pt)



! LaTeX Error: File `10-JERP-v3/tab0000-regression-cluster.tex' not found.

Type X to quit or <RETURN> to proceed,
or enter new name. (Default extension: tex)

Enter file name: 
/Users/hhadah/Documents/GiT/hispanic-last-names/manuscripts/10-JERP-v3/submit_journal-main.tex:226: Emergency stop.
<read *> 
         
l.226 ...ut{10-JERP-v3/tab0000-regression-cluster}
                                                  ^^M
*** (cannot \read from terminal in nonstop modes)

 
Here is how much of TeX's memory you used:
 41063 strings out of 473579
 836682 string characters out of 5728228
 2050546 words of memory out of 5000000
 63208 multiletter control sequences out of 15000+600000
 585266 words of font info for 93 fonts, out of 8000000 for 9000
 1141 hyphenation exceptions out of 8191
 93i,19n,98p,2668b,4043s stack positions out of 10000i,1000n,20000p,200000b,200000s
/Users/hhadah/Documents/GiT/hispanic-last-names/manuscripts/10-JERP-v3/submit_journal-main.tex:226:  ==> Fatal error occurred, no output PDF file produced!
